[1.160s] Invoking command in '/home/chaitanya/GestureBotSim/src/gesture_control': PYTHONPATH=/home/chaitanya/GestureBotSim/build/gesture_control/prefix_override:/usr/lib/python3/dist-packages/colcon_core/task/python/colcon_distutils_commands:/home/chaitanya/GestureBotSim/install/gesture_control/lib/python3.10/site-packages:${PYTHONPATH} /usr/bin/python3 -W ignore:setup.py install is deprecated setup.py egg_info --egg-base ../../build/gesture_control build --build-base /home/chaitanya/GestureBotSim/build/gesture_control/build install --record /home/chaitanya/GestureBotSim/build/gesture_control/install.log --single-version-externally-managed install_data
[1.591s] running egg_info
[1.592s] writing ../../build/gesture_control/gesture_control.egg-info/PKG-INFO
[1.593s] writing dependency_links to ../../build/gesture_control/gesture_control.egg-info/dependency_links.txt
[1.593s] writing entry points to ../../build/gesture_control/gesture_control.egg-info/entry_points.txt
[1.594s] writing requirements to ../../build/gesture_control/gesture_control.egg-info/requires.txt
[1.594s] writing top-level names to ../../build/gesture_control/gesture_control.egg-info/top_level.txt
[1.597s] reading manifest file '../../build/gesture_control/gesture_control.egg-info/SOURCES.txt'
[1.597s] adding license file 'LICENSE'
[1.598s] writing manifest file '../../build/gesture_control/gesture_control.egg-info/SOURCES.txt'
[1.599s] running build
[1.599s] running build_py
[1.599s] running install
[1.601s] running install_lib
[1.603s] running install_data
[1.604s] running install_egg_info
[1.607s] removing '/home/chaitanya/GestureBotSim/install/gesture_control/lib/python3.10/site-packages/gesture_control-0.0.0-py3.10.egg-info' (and everything under it)
[1.607s] Copying ../../build/gesture_control/gesture_control.egg-info to /home/chaitanya/GestureBotSim/install/gesture_control/lib/python3.10/site-packages/gesture_control-0.0.0-py3.10.egg-info
[1.608s] running install_scripts
[1.647s] Installing turtle_control script to /home/chaitanya/GestureBotSim/install/gesture_control/lib/gesture_control
[1.648s] writing list of installed files to '/home/chaitanya/GestureBotSim/build/gesture_control/install.log'
[1.692s] Invoked command in '/home/chaitanya/GestureBotSim/src/gesture_control' returned '0': PYTHONPATH=/home/chaitanya/GestureBotSim/build/gesture_control/prefix_override:/usr/lib/python3/dist-packages/colcon_core/task/python/colcon_distutils_commands:/home/chaitanya/GestureBotSim/install/gesture_control/lib/python3.10/site-packages:${PYTHONPATH} /usr/bin/python3 -W ignore:setup.py install is deprecated setup.py egg_info --egg-base ../../build/gesture_control build --build-base /home/chaitanya/GestureBotSim/build/gesture_control/build install --record /home/chaitanya/GestureBotSim/build/gesture_control/install.log --single-version-externally-managed install_data
