[1.780s] Invoking command in '/home/chaitanya/GestureBotSim/src/gesture_control': PYTHONPATH=/home/chaitanya/GestureBotSim/build/gesture_control/prefix_override:/usr/lib/python3/dist-packages/colcon_core/task/python/colcon_distutils_commands:/home/chaitanya/GestureBotSim/install/gesture_control/lib/python3.10/site-packages:${PYTHONPATH} /usr/bin/python3 -W ignore:setup.py install is deprecated setup.py egg_info --egg-base ../../build/gesture_control build --build-base /home/chaitanya/GestureBotSim/build/gesture_control/build install --record /home/chaitanya/GestureBotSim/build/gesture_control/install.log --single-version-externally-managed install_data
[2.220s] running egg_info
[2.221s] creating ../../build/gesture_control/gesture_control.egg-info
[2.222s] writing ../../build/gesture_control/gesture_control.egg-info/PKG-INFO
[2.223s] writing dependency_links to ../../build/gesture_control/gesture_control.egg-info/dependency_links.txt
[2.223s] writing entry points to ../../build/gesture_control/gesture_control.egg-info/entry_points.txt
[2.223s] writing requirements to ../../build/gesture_control/gesture_control.egg-info/requires.txt
[2.224s] writing top-level names to ../../build/gesture_control/gesture_control.egg-info/top_level.txt
[2.224s] writing manifest file '../../build/gesture_control/gesture_control.egg-info/SOURCES.txt'
[2.226s] reading manifest file '../../build/gesture_control/gesture_control.egg-info/SOURCES.txt'
[2.226s] adding license file 'LICENSE'
[2.227s] writing manifest file '../../build/gesture_control/gesture_control.egg-info/SOURCES.txt'
[2.227s] running build
[2.228s] running build_py
[2.228s] creating /home/chaitanya/GestureBotSim/build/gesture_control/build
[2.228s] creating /home/chaitanya/GestureBotSim/build/gesture_control/build/lib
[2.229s] creating /home/chaitanya/GestureBotSim/build/gesture_control/build/lib/gesture_control
[2.229s] copying gesture_control/turtle_control.py -> /home/chaitanya/GestureBotSim/build/gesture_control/build/lib/gesture_control
[2.229s] copying gesture_control/__init__.py -> /home/chaitanya/GestureBotSim/build/gesture_control/build/lib/gesture_control
[2.230s] running install
[2.230s] running install_lib
[2.231s] creating /home/chaitanya/GestureBotSim/install/gesture_control/lib/python3.10/site-packages/gesture_control
[2.232s] copying /home/chaitanya/GestureBotSim/build/gesture_control/build/lib/gesture_control/turtle_control.py -> /home/chaitanya/GestureBotSim/install/gesture_control/lib/python3.10/site-packages/gesture_control
[2.232s] copying /home/chaitanya/GestureBotSim/build/gesture_control/build/lib/gesture_control/__init__.py -> /home/chaitanya/GestureBotSim/install/gesture_control/lib/python3.10/site-packages/gesture_control
[2.233s] byte-compiling /home/chaitanya/GestureBotSim/install/gesture_control/lib/python3.10/site-packages/gesture_control/turtle_control.py to turtle_control.cpython-310.pyc
[2.234s] byte-compiling /home/chaitanya/GestureBotSim/install/gesture_control/lib/python3.10/site-packages/gesture_control/__init__.py to __init__.cpython-310.pyc
[2.235s] running install_data
[2.235s] creating /home/chaitanya/GestureBotSim/install/gesture_control/share/ament_index
[2.236s] creating /home/chaitanya/GestureBotSim/install/gesture_control/share/ament_index/resource_index
[2.236s] creating /home/chaitanya/GestureBotSim/install/gesture_control/share/ament_index/resource_index/packages
[2.236s] copying resource/gesture_control -> /home/chaitanya/GestureBotSim/install/gesture_control/share/ament_index/resource_index/packages
[2.237s] copying package.xml -> /home/chaitanya/GestureBotSim/install/gesture_control/share/gesture_control
[2.237s] running install_egg_info
[2.238s] Copying ../../build/gesture_control/gesture_control.egg-info to /home/chaitanya/GestureBotSim/install/gesture_control/lib/python3.10/site-packages/gesture_control-0.0.0-py3.10.egg-info
[2.239s] running install_scripts
[2.278s] Installing turtle_control script to /home/chaitanya/GestureBotSim/install/gesture_control/lib/gesture_control
[2.279s] writing list of installed files to '/home/chaitanya/GestureBotSim/build/gesture_control/install.log'
[2.322s] Invoked command in '/home/chaitanya/GestureBotSim/src/gesture_control' returned '0': PYTHONPATH=/home/chaitanya/GestureBotSim/build/gesture_control/prefix_override:/usr/lib/python3/dist-packages/colcon_core/task/python/colcon_distutils_commands:/home/chaitanya/GestureBotSim/install/gesture_control/lib/python3.10/site-packages:${PYTHONPATH} /usr/bin/python3 -W ignore:setup.py install is deprecated setup.py egg_info --egg-base ../../build/gesture_control build --build-base /home/chaitanya/GestureBotSim/build/gesture_control/build install --record /home/chaitanya/GestureBotSim/build/gesture_control/install.log --single-version-externally-managed install_data
