[1.444s] Invoking command in '/home/chaitanya/GestureBotSim/src/gesture_control': PYTHONPATH=/home/chaitanya/GestureBotSim/build/gesture_control/prefix_override:/usr/lib/python3/dist-packages/colcon_core/task/python/colcon_distutils_commands:/home/chaitanya/GestureBotSim/install/gesture_control/lib/python3.10/site-packages:${PYTHONPATH} /usr/bin/python3 -W ignore:setup.py install is deprecated setup.py egg_info --egg-base ../../build/gesture_control build --build-base /home/chaitanya/GestureBotSim/build/gesture_control/build install --record /home/chaitanya/GestureBotSim/build/gesture_control/install.log --single-version-externally-managed install_data
[1.869s] running egg_info
[1.871s] writing ../../build/gesture_control/gesture_control.egg-info/PKG-INFO
[1.871s] writing dependency_links to ../../build/gesture_control/gesture_control.egg-info/dependency_links.txt
[1.871s] writing entry points to ../../build/gesture_control/gesture_control.egg-info/entry_points.txt
[1.871s] writing requirements to ../../build/gesture_control/gesture_control.egg-info/requires.txt
[1.872s] writing top-level names to ../../build/gesture_control/gesture_control.egg-info/top_level.txt
[1.874s] reading manifest file '../../build/gesture_control/gesture_control.egg-info/SOURCES.txt'
[2.047s] adding license file 'LICENSE'
[2.048s] writing manifest file '../../build/gesture_control/gesture_control.egg-info/SOURCES.txt'
[2.048s] running build
[2.049s] running build_py
[2.049s] copying gesture_control/turtle_control.py -> /home/chaitanya/GestureBotSim/build/gesture_control/build/lib/gesture_control
[2.049s] running install
[2.052s] running install_lib
[2.053s] copying /home/chaitanya/GestureBotSim/build/gesture_control/build/lib/gesture_control/turtle_control.py -> /home/chaitanya/GestureBotSim/install/gesture_control/lib/python3.10/site-packages/gesture_control
[2.054s] byte-compiling /home/chaitanya/GestureBotSim/install/gesture_control/lib/python3.10/site-packages/gesture_control/turtle_control.py to turtle_control.cpython-310.pyc
[2.056s] running install_data
[2.056s] running install_egg_info
[2.059s] removing '/home/chaitanya/GestureBotSim/install/gesture_control/lib/python3.10/site-packages/gesture_control-0.0.0-py3.10.egg-info' (and everything under it)
[2.060s] Copying ../../build/gesture_control/gesture_control.egg-info to /home/chaitanya/GestureBotSim/install/gesture_control/lib/python3.10/site-packages/gesture_control-0.0.0-py3.10.egg-info
[2.061s] running install_scripts
[2.099s] Installing turtle_control script to /home/chaitanya/GestureBotSim/install/gesture_control/lib/gesture_control
[2.099s] writing list of installed files to '/home/chaitanya/GestureBotSim/build/gesture_control/install.log'
[2.140s] Invoked command in '/home/chaitanya/GestureBotSim/src/gesture_control' returned '0': PYTHONPATH=/home/chaitanya/GestureBotSim/build/gesture_control/prefix_override:/usr/lib/python3/dist-packages/colcon_core/task/python/colcon_distutils_commands:/home/chaitanya/GestureBotSim/install/gesture_control/lib/python3.10/site-packages:${PYTHONPATH} /usr/bin/python3 -W ignore:setup.py install is deprecated setup.py egg_info --egg-base ../../build/gesture_control build --build-base /home/chaitanya/GestureBotSim/build/gesture_control/build install --record /home/chaitanya/GestureBotSim/build/gesture_control/install.log --single-version-externally-managed install_data
