[0.225s] DEBUG:colcon:Command line arguments: ['/usr/bin/colcon', 'build']
[0.226s] DEBUG:colcon:Parsed command line arguments: Namespace(log_base=None, log_level=None, verb_name='build', build_base='build', install_base='install', merge_install=False, symlink_install=False, test_result_base=None, continue_on_error=False, executor='parallel', parallel_workers=12, event_handlers=None, ignore_user_meta=False, metas=['./colcon.meta'], base_paths=['.'], packages_ignore=None, packages_ignore_regex=None, paths=None, packages_up_to=None, packages_up_to_regex=None, packages_above=None, packages_above_and_dependencies=None, packages_above_depth=None, packages_select_by_dep=None, packages_skip_by_dep=None, packages_skip_up_to=None, packages_select_build_failed=False, packages_skip_build_finished=False, packages_select_test_failures=False, packages_skip_test_passed=False, packages_select=None, packages_skip=None, packages_select_regex=None, packages_skip_regex=None, packages_start=None, packages_end=None, allow_overriding=[], cmake_args=None, cmake_target=None, cmake_target_skip_unavailable=False, cmake_clean_cache=False, cmake_clean_first=False, cmake_force_configure=False, ament_cmake_args=None, catkin_cmake_args=None, catkin_skip_building_tests=False, verb_parser=<colcon_defaults.argument_parser.defaults.DefaultArgumentsDecorator object at 0x74cb95534eb0>, verb_extension=<colcon_core.verb.build.BuildVerb object at 0x74cb95534970>, main=<bound method BuildVerb.main of <colcon_core.verb.build.BuildVerb object at 0x74cb95534970>>)
[0.724s] Level 1:colcon.colcon_core.package_discovery:discover_packages(colcon_meta) check parameters
[0.724s] Level 1:colcon.colcon_core.package_discovery:discover_packages(recursive) check parameters
[0.724s] Level 1:colcon.colcon_core.package_discovery:discover_packages(ignore) check parameters
[0.724s] Level 1:colcon.colcon_core.package_discovery:discover_packages(path) check parameters
[0.724s] Level 1:colcon.colcon_core.package_discovery:discover_packages(colcon_meta) discover
[0.724s] Level 1:colcon.colcon_core.package_discovery:discover_packages(recursive) discover
[0.724s] INFO:colcon.colcon_core.package_discovery:Crawling recursively for packages in '/home/chaitanya/GestureBotSim'
[0.724s] Level 1:colcon.colcon_core.package_identification:_identify(.) by extensions ['ignore', 'ignore_ament_install']
[0.725s] Level 1:colcon.colcon_core.package_identification:_identify(.) by extension 'ignore'
[0.725s] Level 1:colcon.colcon_core.package_identification:_identify(.) by extension 'ignore_ament_install'
[0.725s] Level 1:colcon.colcon_core.package_identification:_identify(.) by extensions ['colcon_pkg']
[0.725s] Level 1:colcon.colcon_core.package_identification:_identify(.) by extension 'colcon_pkg'
[0.725s] Level 1:colcon.colcon_core.package_identification:_identify(.) by extensions ['colcon_meta']
[0.725s] Level 1:colcon.colcon_core.package_identification:_identify(.) by extension 'colcon_meta'
[0.725s] Level 1:colcon.colcon_core.package_identification:_identify(.) by extensions ['ros']
[0.725s] Level 1:colcon.colcon_core.package_identification:_identify(.) by extension 'ros'
[0.747s] Level 1:colcon.colcon_core.package_identification:_identify(.) by extensions ['cmake', 'python']
[0.747s] Level 1:colcon.colcon_core.package_identification:_identify(.) by extension 'cmake'
[0.747s] Level 1:colcon.colcon_core.package_identification:_identify(.) by extension 'python'
[0.747s] Level 1:colcon.colcon_core.package_identification:_identify(.) by extensions ['python_setup_py']
[0.747s] Level 1:colcon.colcon_core.package_identification:_identify(.) by extension 'python_setup_py'
[0.748s] Level 1:colcon.colcon_core.package_identification:_identify(Models) by extensions ['ignore', 'ignore_ament_install']
[0.748s] Level 1:colcon.colcon_core.package_identification:_identify(Models) by extension 'ignore'
[0.748s] Level 1:colcon.colcon_core.package_identification:_identify(Models) by extension 'ignore_ament_install'
[0.748s] Level 1:colcon.colcon_core.package_identification:_identify(Models) by extensions ['colcon_pkg']
[0.748s] Level 1:colcon.colcon_core.package_identification:_identify(Models) by extension 'colcon_pkg'
[0.748s] Level 1:colcon.colcon_core.package_identification:_identify(Models) by extensions ['colcon_meta']
[0.748s] Level 1:colcon.colcon_core.package_identification:_identify(Models) by extension 'colcon_meta'
[0.748s] Level 1:colcon.colcon_core.package_identification:_identify(Models) by extensions ['ros']
[0.748s] Level 1:colcon.colcon_core.package_identification:_identify(Models) by extension 'ros'
[0.748s] Level 1:colcon.colcon_core.package_identification:_identify(Models) by extensions ['cmake', 'python']
[0.748s] Level 1:colcon.colcon_core.package_identification:_identify(Models) by extension 'cmake'
[0.748s] Level 1:colcon.colcon_core.package_identification:_identify(Models) by extension 'python'
[0.748s] Level 1:colcon.colcon_core.package_identification:_identify(Models) by extensions ['python_setup_py']
[0.748s] Level 1:colcon.colcon_core.package_identification:_identify(Models) by extension 'python_setup_py'
[0.749s] Level 1:colcon.colcon_core.package_identification:_identify(build) by extensions ['ignore', 'ignore_ament_install']
[0.749s] Level 1:colcon.colcon_core.package_identification:_identify(build) by extension 'ignore'
[0.749s] Level 1:colcon.colcon_core.package_identification:_identify(build) ignored
[0.749s] Level 1:colcon.colcon_core.package_identification:_identify(install) by extensions ['ignore', 'ignore_ament_install']
[0.749s] Level 1:colcon.colcon_core.package_identification:_identify(install) by extension 'ignore'
[0.749s] Level 1:colcon.colcon_core.package_identification:_identify(install) ignored
[0.749s] Level 1:colcon.colcon_core.package_identification:_identify(launch) by extensions ['ignore', 'ignore_ament_install']
[0.749s] Level 1:colcon.colcon_core.package_identification:_identify(launch) by extension 'ignore'
[0.750s] Level 1:colcon.colcon_core.package_identification:_identify(launch) by extension 'ignore_ament_install'
[0.750s] Level 1:colcon.colcon_core.package_identification:_identify(launch) by extensions ['colcon_pkg']
[0.750s] Level 1:colcon.colcon_core.package_identification:_identify(launch) by extension 'colcon_pkg'
[0.750s] Level 1:colcon.colcon_core.package_identification:_identify(launch) by extensions ['colcon_meta']
[0.750s] Level 1:colcon.colcon_core.package_identification:_identify(launch) by extension 'colcon_meta'
[0.750s] Level 1:colcon.colcon_core.package_identification:_identify(launch) by extensions ['ros']
[0.750s] Level 1:colcon.colcon_core.package_identification:_identify(launch) by extension 'ros'
[0.750s] Level 1:colcon.colcon_core.package_identification:_identify(launch) by extensions ['cmake', 'python']
[0.750s] Level 1:colcon.colcon_core.package_identification:_identify(launch) by extension 'cmake'
[0.750s] Level 1:colcon.colcon_core.package_identification:_identify(launch) by extension 'python'
[0.750s] Level 1:colcon.colcon_core.package_identification:_identify(launch) by extensions ['python_setup_py']
[0.750s] Level 1:colcon.colcon_core.package_identification:_identify(launch) by extension 'python_setup_py'
[0.750s] Level 1:colcon.colcon_core.package_identification:_identify(log) by extensions ['ignore', 'ignore_ament_install']
[0.751s] Level 1:colcon.colcon_core.package_identification:_identify(log) by extension 'ignore'
[0.751s] Level 1:colcon.colcon_core.package_identification:_identify(log) ignored
[0.751s] Level 1:colcon.colcon_core.package_identification:_identify(src) by extensions ['ignore', 'ignore_ament_install']
[0.751s] Level 1:colcon.colcon_core.package_identification:_identify(src) by extension 'ignore'
[0.751s] Level 1:colcon.colcon_core.package_identification:_identify(src) by extension 'ignore_ament_install'
[0.751s] Level 1:colcon.colcon_core.package_identification:_identify(src) by extensions ['colcon_pkg']
[0.751s] Level 1:colcon.colcon_core.package_identification:_identify(src) by extension 'colcon_pkg'
[0.751s] Level 1:colcon.colcon_core.package_identification:_identify(src) by extensions ['colcon_meta']
[0.751s] Level 1:colcon.colcon_core.package_identification:_identify(src) by extension 'colcon_meta'
[0.751s] Level 1:colcon.colcon_core.package_identification:_identify(src) by extensions ['ros']
[0.751s] Level 1:colcon.colcon_core.package_identification:_identify(src) by extension 'ros'
[0.751s] Level 1:colcon.colcon_core.package_identification:_identify(src) by extensions ['cmake', 'python']
[0.751s] Level 1:colcon.colcon_core.package_identification:_identify(src) by extension 'cmake'
[0.752s] Level 1:colcon.colcon_core.package_identification:_identify(src) by extension 'python'
[0.752s] Level 1:colcon.colcon_core.package_identification:_identify(src) by extensions ['python_setup_py']
[0.752s] Level 1:colcon.colcon_core.package_identification:_identify(src) by extension 'python_setup_py'
[0.752s] Level 1:colcon.colcon_core.package_discovery:discover_packages(recursive) using defaults
[0.752s] Level 1:colcon.colcon_core.package_discovery:discover_packages(ignore) discover
[0.752s] Level 1:colcon.colcon_core.package_discovery:discover_packages(ignore) using defaults
[0.752s] Level 1:colcon.colcon_core.package_discovery:discover_packages(path) discover
[0.752s] Level 1:colcon.colcon_core.package_discovery:discover_packages(path) using defaults
[0.797s] Level 1:colcon.colcon_core.package_discovery:discover_packages(prefix_path) check parameters
[0.797s] Level 1:colcon.colcon_core.package_discovery:discover_packages(prefix_path) discover
[0.803s] DEBUG:colcon.colcon_installed_package_information.package_discovery:Found 10 installed packages in /home/chaitanya/LB_ws/install
[0.806s] DEBUG:colcon.colcon_installed_package_information.package_discovery:Found 460 installed packages in /opt/ros/humble
[0.825s] Level 1:colcon.colcon_core.package_discovery:discover_packages(prefix_path) using defaults
[0.937s] INFO:colcon.colcon_core.executor:Executing jobs using 'parallel' executor
[0.939s] DEBUG:colcon.colcon_parallel_executor.executor.parallel:run_until_complete
[0.939s] DEBUG:colcon.colcon_parallel_executor.executor.parallel:closing loop
[0.940s] DEBUG:colcon.colcon_parallel_executor.executor.parallel:loop closed
[0.940s] DEBUG:colcon.colcon_parallel_executor.executor.parallel:run_until_complete finished with '0'
[0.940s] DEBUG:colcon.colcon_core.event_reactor:joining thread
[0.950s] INFO:colcon.colcon_core.plugin_system:Skipping extension 'colcon_notification.desktop_notification.terminal_notifier': Not used on non-Darwin systems
[0.951s] INFO:colcon.colcon_core.plugin_system:Skipping extension 'colcon_notification.desktop_notification.win32': Not used on non-Windows systems
[0.951s] INFO:colcon.colcon_notification.desktop_notification:Sending desktop notification using 'notify2'
[0.984s] DEBUG:colcon.colcon_core.event_reactor:joined thread
[0.991s] INFO:colcon.colcon_core.plugin_system:Skipping extension 'colcon_core.shell.bat': Not used on non-Windows systems
[0.991s] INFO:colcon.colcon_core.shell:Creating prefix script '/home/chaitanya/GestureBotSim/install/local_setup.ps1'
[0.993s] INFO:colcon.colcon_core.shell:Creating prefix util module '/home/chaitanya/GestureBotSim/install/_local_setup_util_ps1.py'
[0.996s] INFO:colcon.colcon_core.shell:Creating prefix chain script '/home/chaitanya/GestureBotSim/install/setup.ps1'
[0.998s] INFO:colcon.colcon_core.shell:Creating prefix script '/home/chaitanya/GestureBotSim/install/local_setup.sh'
[0.999s] INFO:colcon.colcon_core.shell:Creating prefix util module '/home/chaitanya/GestureBotSim/install/_local_setup_util_sh.py'
[1.000s] INFO:colcon.colcon_core.shell:Creating prefix chain script '/home/chaitanya/GestureBotSim/install/setup.sh'
[1.002s] INFO:colcon.colcon_core.shell:Creating prefix script '/home/chaitanya/GestureBotSim/install/local_setup.bash'
[1.003s] INFO:colcon.colcon_core.shell:Creating prefix chain script '/home/chaitanya/GestureBotSim/install/setup.bash'
[1.006s] INFO:colcon.colcon_core.shell:Creating prefix script '/home/chaitanya/GestureBotSim/install/local_setup.zsh'
[1.007s] INFO:colcon.colcon_core.shell:Creating prefix chain script '/home/chaitanya/GestureBotSim/install/setup.zsh'
